Build started 12/02/2017 05:41:35.
     1>Project "c:\Users\Grant\documents\visual studio 2015\Projects\SMACrossoverTrader\SMACrossoverTrader\SMACrossoverTrader.vcxproj" on node 2 (Build target(s)).
     1>ClCompile:
         C:\Program Files (x86)\Microsoft Visual Studio 14.0\VC\bin\CL.exe /c /AI"C:\Program Files (x86)\Reference Assemblies\Microsoft\Framework\.NETFramework\v4.5.2\\" /AI"C:\Program Files (x86)\Windows Kits\8.1\References\CommonConfiguration\Neutral" /AI"C:\Program Files (x86)\Reference Assemblies\Microsoft\Framework\.NETFramework\v4.5.2\Facades\\" /Zi /clr /nologo /W3 /WX- /Od /Oy- /D WIN32 /D _DEBUG /D _UNICODE /D UNICODE /EHa /MDd /GS /fp:precise /Zc:wchar_t /Zc:forScope /Zc:inline /Yu"stdafx.h" /Fp"Debug\SMACrossoverTrader.pch" /Fo"Debug\\" /Fd"Debug\vc140.pdb" /TP /FU"C:\Program Files (x86)\Reference Assemblies\Microsoft\Framework\.NETFramework\v4.5.2\mscorlib.dll" /FU"C:\Program Files (x86)\Reference Assemblies\Microsoft\Framework\.NETFramework\v4.5.2\System.Data.dll" /FU"C:\Program Files (x86)\Reference Assemblies\Microsoft\Framework\.NETFramework\v4.5.2\System.dll" /FU"C:\Program Files (x86)\Reference Assemblies\Microsoft\Framework\.NETFramework\v4.5.2\System.Xml.dll" /analyze- /errorReport:prompt /clr:nostdlib SMACrossoverTrader.cpp
         SMACrossoverTrader.cpp
     1>SMACrossoverTrader.cpp(189): warning C4244: '=': conversion from 'double' to 'float', possible loss of data
     1>SMACrossoverTrader.cpp(202): warning C4244: '=': conversion from 'double' to 'float', possible loss of data
     1>SMACrossoverTrader.cpp(296): warning C4244: '=': conversion from 'double' to 'float', possible loss of data
     1>SMACrossoverTrader.cpp(299): warning C4244: '=': conversion from 'double' to 'float', possible loss of data
     1>SMACrossoverTrader.cpp(308): warning C4244: '=': conversion from 'double' to 'float', possible loss of data
     1>SMACrossoverTrader.cpp(311): warning C4244: '=': conversion from 'double' to 'float', possible loss of data
     1>c:\users\grant\documents\visual studio 2015\projects\smacrossovertrader\smacrossovertrader\smacrossovertrader.cpp(247): warning C4715: 'SMA': not all control paths return a value
       Link:
         C:\Program Files (x86)\Microsoft Visual Studio 14.0\VC\bin\link.exe /ERRORREPORT:PROMPT /OUT:"c:\users\grant\documents\visual studio 2015\Projects\SMACrossoverTrader\Debug\SMACrossoverTrader.exe" /INCREMENTAL /NOLOGO /MANIFEST /MANIFESTUAC:"level='asInvoker' uiAccess='false'" /manifest:embed /Debug /PDB:"c:\users\grant\documents\visual studio 2015\Projects\SMACrossoverTrader\Debug\SMACrossoverTrader.pdb" /ASSEMBLYDEBUG /SUBSYSTEM:CONSOLE /TLBID:1 /DYNAMICBASE /FIXED:NO /NXCOMPAT /MACHINE:X86 Debug\app.res
         Debug\AssemblyInfo.obj
         Debug\SMACrossoverTrader.obj
         Debug\stdafx.obj
         "Debug\.NETFramework,Version=v4.5.2.AssemblyAttributes.obj"
         SMACrossoverTrader.vcxproj -> c:\users\grant\documents\visual studio 2015\Projects\SMACrossoverTrader\Debug\SMACrossoverTrader.exe
     1>Done Building Project "c:\Users\Grant\documents\visual studio 2015\Projects\SMACrossoverTrader\SMACrossoverTrader\SMACrossoverTrader.vcxproj" (Build target(s)).

Build succeeded.

Time Elapsed 00:00:01.60
